<?xml version="1.0" encoding="UTF-8"?>
<testng-results skipped="0" failed="0" ignored="0" total="1" passed="1">
  <reporter-output>
  </reporter-output>
  <suite name="Suite" duration-ms="8485" started-at="2020-10-12T06:21:33Z" finished-at="2020-10-12T06:21:42Z">
    <groups>
    </groups>
    <test name="Test" duration-ms="8485" started-at="2020-10-12T06:21:33Z" finished-at="2020-10-12T06:21:42Z">
      <class name="com.testrun.GoogelTest">
        <test-method status="PASS" signature="test()[pri:0, instance:com.testrun.GoogelTest@954b04f]" name="test" duration-ms="8414" started-at="2020-10-12T06:21:33Z" finished-at="2020-10-12T06:21:42Z">
          <reporter-output>
          </reporter-output>
        </test-method> <!-- test -->
        <test-method status="PASS" signature="after()[pri:0, instance:com.testrun.GoogelTest@954b04f]" name="after" is-config="true" duration-ms="58" started-at="2020-10-12T06:21:42Z" finished-at="2020-10-12T06:21:42Z">
          <reporter-output>
          </reporter-output>
        </test-method> <!-- after -->
      </class> <!-- com.testrun.GoogelTest -->
    </test> <!-- Test -->
  </suite> <!-- Suite -->
</testng-results>
